<?xml version="1.0" encoding="UTF-8"?>
<!-- Generated by org.testng.reporters.JUnitXMLReporter -->
<testsuite ignored="0" hostname="LAPTOP-T2NCHBJT" failures="0" tests="4" name="mytest" time="20.15" errors="0" timestamp="2023-08-14T15:08:42 EDT">
  <testcase classname="day40.OrangeHRMtest" name="openApp" time="17.645"/>
  <testcase classname="day40.OrangeHRMtest" name="testLogo" time="1.128"/>
  <testcase classname="day40.OrangeHRMtest" name="loginTest" time="1.239"/>
  <testcase classname="day40.OrangeHRMtest" name="closeTest" time="0.102"/>
</testsuite> <!-- mytest -->
