<?xml version="1.0" encoding="UTF-8"?>
<!-- Generated by org.testng.reporters.JUnitXMLReporter -->
<testsuite ignored="0" hostname="LAPTOP-T2NCHBJT" failures="0" tests="3" name="chromeTest" time="34.573" errors="0" timestamp="2023-08-22T16:25:59 EDT">
  <testcase classname="day43.ParamTest" name="testLogo" time="3.089"/>
  <testcase classname="day43.ParamTest" name="testHomePageTitle" time="0.01"/>
  <testcase classname="day43.ParamTest" name="testAppUrl" time="0.017"/>
</testsuite> <!-- chromeTest -->
