<?xml version="1.0" encoding="UTF-8"?>
<!-- Generated by org.testng.reporters.JUnitXMLReporter -->
<testsuite ignored="0" hostname="LAPTOP-T2NCHBJT" failures="0" tests="3" name="edgeTest" time="36.224" errors="0" timestamp="2023-08-22T16:26:01 EDT">
  <testcase classname="day43.ParamTest" name="testLogo" time="3.051"/>
  <testcase classname="day43.ParamTest" name="testHomePageTitle" time="0.014"/>
  <testcase classname="day43.ParamTest" name="testAppUrl" time="0.01"/>
</testsuite> <!-- edgeTest -->
